[debug] [2025-02-24T07:26:38.888Z] ----------------------------------------------------------------------
[debug] [2025-02-24T07:26:38.890Z] Command:       /usr/local/share/nvm/versions/node/v20.18.1/bin/node /home/codespace/nvm/current/bin/firebase login
[debug] [2025-02-24T07:26:38.890Z] CLI Version:   13.31.2
[debug] [2025-02-24T07:26:38.890Z] Platform:      linux
[debug] [2025-02-24T07:26:38.890Z] Node Version:  v20.18.1
[debug] [2025-02-24T07:26:38.890Z] Time:          Mon Feb 24 2025 07:26:38 GMT+0000 (Coordinated Universal Time)
[debug] [2025-02-24T07:26:38.891Z] Env Overrides: GITHUB_API_URL, GITHUB_API_URL
[debug] [2025-02-24T07:26:38.891Z] ----------------------------------------------------------------------
[debug] 
[info] i  Firebase optionally collects CLI and Emulator Suite usage and error reporting information to help improve our products. Data is collected in accordance with Google's privacy policy (https://policies.google.com/privacy) and is not used to identify you.
 
[debug] [2025-02-24T07:26:38.924Z] >>> [apiv2][query] POST https://auth.firebase.tools/attest [none]
[debug] [2025-02-24T07:26:38.924Z] >>> [apiv2][body] POST https://auth.firebase.tools/attest {"session_id":"4406f555-dbd2-482d-a0c9-205cac94840d"}
[debug] [2025-02-24T07:26:39.308Z] <<< [apiv2][status] POST https://auth.firebase.tools/attest 200
[debug] [2025-02-24T07:26:39.308Z] <<< [apiv2][body] POST https://auth.firebase.tools/attest {"token":"fvEHDBqD_froRtbuM7RN1WW_BFh5oW07W4WG_cQSkDI"}
[info] 
[info] To sign in to the Firebase CLI:
[info] 
[info] 1. Take note of your session ID:
[info] 
[info]    4406F
[info] 
[info] 2. Visit the URL below on any device and follow the instructions to get your code:
[info] 
[info]    https://auth.firebase.tools/login?code_challenge=eFt8SSFqIzZciWkD25vT5abIvXL7_c6FuEFM5Bal-U0&session=4406f555-dbd2-482d-a0c9-205cac94840d&attest=fvEHDBqD_froRtbuM7RN1WW_BFh5oW07W4WG_cQSkDI
[info] 
[info] 3. Paste or enter the authorization code below once you have it:
[info] 
